This is pdfTeX, Version 3.14159265-2.6-1.40.19 (TeX Live 2018/Arch Linux) (preloaded format=pdflatex 2019.2.16)  28 MAR 2019 15:52
entering extended mode
 restricted \write18 enabled.
 %&-line parsing enabled.
**sbc-template.tex
(./sbc-template.tex
LaTeX2e <2018-04-01> patch level 5
(/usr/share/texmf-dist/tex/latex/base/article.cls
Document Class: article 2014/09/29 v1.4h Standard LaTeX document class
(/usr/share/texmf-dist/tex/latex/base/size12.clo
File: size12.clo 2014/09/29 v1.4h Standard LaTeX file (size option)
)
\c@part=\count80
\c@section=\count81
\c@subsection=\count82
\c@subsubsection=\count83
\c@paragraph=\count84
\c@subparagraph=\count85
\c@figure=\count86
\c@table=\count87
\abovecaptionskip=\skip41
\belowcaptionskip=\skip42
\bibindent=\dimen102
) (./sbc-template.sty
Package: sbc-template 2001/06/09

(/usr/share/texmf-dist/tex/latex/geometry/geometry.sty
Package: geometry 2018/04/16 v5.8 Page Geometry

(/usr/share/texmf-dist/tex/latex/graphics/keyval.sty
Package: keyval 2014/10/28 v1.15 key=value parser (DPC)
\KV@toks@=\toks14
)
(/usr/share/texmf-dist/tex/generic/oberdiek/ifpdf.sty
Package: ifpdf 2018/09/07 v3.3 Provides the ifpdf switch
)
(/usr/share/texmf-dist/tex/generic/oberdiek/ifvtex.sty
Package: ifvtex 2016/05/16 v1.6 Detect VTeX and its facilities (HO)
Package ifvtex Info: VTeX not detected.
)
(/usr/share/texmf-dist/tex/generic/ifxetex/ifxetex.sty
Package: ifxetex 2010/09/12 v0.6 Provides ifxetex conditional
)
\Gm@cnth=\count88
\Gm@cntv=\count89
\c@Gm@tempcnt=\count90
\Gm@bindingoffset=\dimen103
\Gm@wd@mp=\dimen104
\Gm@odd@mp=\dimen105
\Gm@even@mp=\dimen106
\Gm@layoutwidth=\dimen107
\Gm@layoutheight=\dimen108
\Gm@layouthoffset=\dimen109
\Gm@layoutvoffset=\dimen110
\Gm@dimlist=\toks15
) (./caption2.sty
Package: caption2 2002/08/03 v2.1 Customising captions (AS)
\captionmargin=\dimen111
\captionwidth=\dimen112
\captionindent=\dimen113
Package caption2 Info: Running in caption2 v2.0 compatibility mode on input lin
e 147.
\captionlinewidth=\dimen114
)
(/usr/share/texmf-dist/tex/latex/psnfss/times.sty
Package: times 2005/04/12 PSNFSS-v9.2a (SPQR) 
)
\c@instn=\count91

(/usr/share/texmf-dist/tex/latex/titlesec/titlesec.sty
Package: titlesec 2016/03/21 v2.10.2 Sectioning titles
\ttl@box=\box26
\beforetitleunit=\skip43
\aftertitleunit=\skip44
\ttl@plus=\dimen115
\ttl@minus=\dimen116
\ttl@toksa=\toks16
\titlewidth=\dimen117
\titlewidthlast=\dimen118
\titlewidthfirst=\dimen119
))
(/usr/share/texmf-dist/tex/latex/graphics/graphicx.sty
Package: graphicx 2017/06/01 v1.1a Enhanced LaTeX Graphics (DPC,SPQR)

(/usr/share/texmf-dist/tex/latex/graphics/graphics.sty
Package: graphics 2017/06/25 v1.2c Standard LaTeX Graphics (DPC,SPQR)

(/usr/share/texmf-dist/tex/latex/graphics/trig.sty
Package: trig 2016/01/03 v1.10 sin cos tan (DPC)
)
(/usr/share/texmf-dist/tex/latex/graphics-cfg/graphics.cfg
File: graphics.cfg 2016/06/04 v1.11 sample graphics configuration
)
Package graphics Info: Driver file: pdftex.def on input line 99.

(/usr/share/texmf-dist/tex/latex/graphics-def/pdftex.def
File: pdftex.def 2018/01/08 v1.0l Graphics/color driver for pdftex
))
\Gin@req@height=\dimen120
\Gin@req@width=\dimen121
)
(/usr/share/texmf-dist/tex/latex/url/url.sty
\Urlmuskip=\muskip10
Package: url 2013/09/16  ver 3.4  Verb mode for urls, etc.
)
(/usr/share/texmf-dist/tex/latex/pdfpages/pdfpages.sty
Package: pdfpages 2017/10/31 v0.5l Insert pages of external PDF documents (AM)

(/usr/share/texmf-dist/tex/latex/base/ifthen.sty
Package: ifthen 2014/09/29 v1.1c Standard LaTeX ifthen package (DPC)
)
(/usr/share/texmf-dist/tex/latex/tools/calc.sty
Package: calc 2017/05/25 v4.3 Infix arithmetic (KKT,FJ)
\calc@Acount=\count92
\calc@Bcount=\count93
\calc@Adimen=\dimen122
\calc@Bdimen=\dimen123
\calc@Askip=\skip45
\calc@Bskip=\skip46
LaTeX Info: Redefining \setlength on input line 80.
LaTeX Info: Redefining \addtolength on input line 81.
\calc@Ccount=\count94
\calc@Cskip=\skip47
)
(/usr/share/texmf-dist/tex/latex/eso-pic/eso-pic.sty
Package: eso-pic 2018/04/12 v2.0h eso-pic (RN)

(/usr/share/texmf-dist/tex/generic/oberdiek/atbegshi.sty
Package: atbegshi 2016/06/09 v1.18 At begin shipout hook (HO)

(/usr/share/texmf-dist/tex/generic/oberdiek/infwarerr.sty
Package: infwarerr 2016/05/16 v1.4 Providing info/warning/error messages (HO)
)
(/usr/share/texmf-dist/tex/generic/oberdiek/ltxcmds.sty
Package: ltxcmds 2016/05/16 v1.23 LaTeX kernel commands for general use (HO)
))
(/usr/share/texmf-dist/tex/latex/xcolor/xcolor.sty
Package: xcolor 2016/05/11 v2.12 LaTeX color extensions (UK)

(/usr/share/texmf-dist/tex/latex/graphics-cfg/color.cfg
File: color.cfg 2016/01/02 v1.6 sample color configuration
)
Package xcolor Info: Driver file: pdftex.def on input line 225.
Package xcolor Info: Model `cmy' substituted by `cmy0' on input line 1348.
Package xcolor Info: Model `hsb' substituted by `rgb' on input line 1352.
Package xcolor Info: Model `RGB' extended on input line 1364.
Package xcolor Info: Model `HTML' substituted by `rgb' on input line 1366.
Package xcolor Info: Model `Hsb' substituted by `hsb' on input line 1367.
Package xcolor Info: Model `tHsb' substituted by `hsb' on input line 1368.
Package xcolor Info: Model `HSB' substituted by `hsb' on input line 1369.
Package xcolor Info: Model `Gray' substituted by `gray' on input line 1370.
Package xcolor Info: Model `wave' substituted by `hsb' on input line 1371.
))
\AM@pagewidth=\dimen124
\AM@pageheight=\dimen125

(/usr/share/texmf-dist/tex/latex/pdfpages/pppdftex.def
File: pppdftex.def 2017/10/31 v0.5l Pdfpages driver for pdfTeX (AM)
)
\AM@pagebox=\box27
\AM@global@opts=\toks17
\AM@toc@title=\toks18
\c@AM@survey=\count95
\AM@templatesizebox=\box28
)
(/usr/share/texmf-dist/tex/generic/babel/babel.sty
Package: babel 2018/11/13 3.27 The Babel package

(/usr/share/texmf-dist/tex/generic/babel/switch.def
File: switch.def 2018/11/13 3.27 Babel switching mechanism
)
(/usr/share/texmf-dist/tex/generic/babel-portuges/portuges.ldf
Language: portuges 2008/03/18 v1.2q Portuguese support from the babel system

(/usr/share/texmf-dist/tex/generic/babel/babel.def
File: babel.def 2018/11/13 3.27 Babel common definitions
\babel@savecnt=\count96
\U@D=\dimen126

(/usr/share/texmf-dist/tex/generic/babel/txtbabel.def)
\bbl@dirlevel=\count97
)
\l@brazil = a dialect from \language\l@portuges 
Package babel Info: Making " an active character on input line 145.
))
(/usr/share/texmf-dist/tex/latex/base/inputenc.sty
Package: inputenc 2018/04/06 v1.3b Input encoding file
\inpenc@prehook=\toks19
\inpenc@posthook=\toks20
)
(/usr/share/texmf-dist/tex/latex/multirow/multirow.sty
Package: multirow 2018/08/03 v2.3 Span multiple rows of a table
\multirow@colwidth=\skip48
\multirow@cntb=\count98
\multirow@dima=\skip49
\bigstrutjot=\dimen127
) (./sbc-template.aux)
\openout1 = `sbc-template.aux'.

LaTeX Font Info:    Checking defaults for OML/cmm/m/it on input line 24.
LaTeX Font Info:    ... okay on input line 24.
LaTeX Font Info:    Checking defaults for T1/cmr/m/n on input line 24.
LaTeX Font Info:    ... okay on input line 24.
LaTeX Font Info:    Checking defaults for OT1/cmr/m/n on input line 24.
LaTeX Font Info:    ... okay on input line 24.
LaTeX Font Info:    Checking defaults for OMS/cmsy/m/n on input line 24.
LaTeX Font Info:    ... okay on input line 24.
LaTeX Font Info:    Checking defaults for OMX/cmex/m/n on input line 24.
LaTeX Font Info:    ... okay on input line 24.
LaTeX Font Info:    Checking defaults for U/cmr/m/n on input line 24.
LaTeX Font Info:    ... okay on input line 24.
LaTeX Font Info:    Try loading font information for OT1+ptm on input line 24.

(/usr/share/texmf-dist/tex/latex/psnfss/ot1ptm.fd
File: ot1ptm.fd 2001/06/04 font definitions for OT1/ptm.
)
*geometry* driver: auto-detecting
*geometry* detected driver: pdftex
*geometry* verbose mode - [ preamble ] result:
* driver: pdftex
* paper: a4paper
* layout: <same size as paper>
* layoutoffset:(h,v)=(0.0pt,0.0pt)
* modes: 
* h-part:(L,W,R)=(85.35826pt, 426.79135pt, 85.35826pt)
* v-part:(T,H,B)=(99.58464pt, 674.33032pt, 71.13188pt)
* \paperwidth=597.50787pt
* \paperheight=845.04684pt
* \textwidth=426.79135pt
* \textheight=674.33032pt
* \oddsidemargin=13.08827pt
* \evensidemargin=13.08827pt
* \topmargin=-9.68535pt
* \headheight=12.0pt
* \headsep=25.0pt
* \topskip=12.0pt
* \footskip=30.0pt
* \marginparwidth=44.0pt
* \marginparsep=10.0pt
* \columnsep=10.0pt
* \skip\footins=10.8pt plus 4.0pt minus 2.0pt
* \hoffset=0.0pt
* \voffset=0.0pt
* \mag=1000
* \@twocolumnfalse
* \@twosidefalse
* \@mparswitchfalse
* \@reversemarginfalse
* (1in=72.27pt=25.4mm, 1cm=28.453pt)

(/usr/share/texmf-dist/tex/context/base/mkii/supp-pdf.mkii
[Loading MPS to PDF converter (version 2006.09.02).]
\scratchcounter=\count99
\scratchdimen=\dimen128
\scratchbox=\box29
\nofMPsegments=\count100
\nofMParguments=\count101
\everyMPshowfont=\toks21
\MPscratchCnt=\count102
\MPscratchDim=\dimen129
\MPnumerator=\count103
\makeMPintoPDFobject=\count104
\everyMPtoPDFconversion=\toks22
) (/usr/share/texmf-dist/tex/latex/oberdiek/epstopdf-base.sty
Package: epstopdf-base 2016/05/15 v2.6 Base part for package epstopdf

(/usr/share/texmf-dist/tex/latex/oberdiek/grfext.sty
Package: grfext 2016/05/16 v1.2 Manage graphics extensions (HO)

(/usr/share/texmf-dist/tex/generic/oberdiek/kvdefinekeys.sty
Package: kvdefinekeys 2016/05/16 v1.4 Define keys (HO)
))
(/usr/share/texmf-dist/tex/latex/oberdiek/kvoptions.sty
Package: kvoptions 2016/05/16 v3.12 Key value format for package options (HO)

(/usr/share/texmf-dist/tex/generic/oberdiek/kvsetkeys.sty
Package: kvsetkeys 2016/05/16 v1.17 Key value parser (HO)

(/usr/share/texmf-dist/tex/generic/oberdiek/etexcmds.sty
Package: etexcmds 2016/05/16 v1.6 Avoid name clashes with e-TeX commands (HO)

(/usr/share/texmf-dist/tex/generic/oberdiek/ifluatex.sty
Package: ifluatex 2016/05/16 v1.4 Provides the ifluatex switch (HO)
Package ifluatex Info: LuaTeX not detected.
)
Package etexcmds Info: Could not find \expanded.
(etexcmds)             That can mean that you are not using pdfTeX 1.50 or
(etexcmds)             that some package has redefined \expanded.
(etexcmds)             In the latter case, load this package earlier.
)))
(/usr/share/texmf-dist/tex/generic/oberdiek/pdftexcmds.sty
Package: pdftexcmds 2018/09/10 v0.29 Utility functions of pdfTeX for LuaTeX (HO
)
Package pdftexcmds Info: LuaTeX not detected.
Package pdftexcmds Info: \pdf@primitive is available.
Package pdftexcmds Info: \pdf@ifprimitive is available.
Package pdftexcmds Info: \pdfdraftmode found.
)
Package epstopdf-base Info: Redefining graphics rule for `.eps' on input line 4
38.
Package grfext Info: Graphics extension search list:
(grfext)             [.pdf,.png,.jpg,.mps,.jpeg,.jbig2,.jb2,.PDF,.PNG,.JPG,.JPE
G,.JBIG2,.JB2,.eps]
(grfext)             \AppendGraphicsExtensions on input line 456.

(/usr/share/texmf-dist/tex/latex/latexconfig/epstopdf-sys.cfg
File: epstopdf-sys.cfg 2010/07/13 v1.3 Configuration of (r)epstopdf for TeX Liv
e
))
\AtBeginShipoutBox=\box30

(/usr/share/texmf-dist/tex/latex/oberdiek/pdflscape.sty
Package: pdflscape 2016/05/14 v0.11 Display of landscape pages in PDF (HO)

(/usr/share/texmf-dist/tex/latex/graphics/lscape.sty
Package: lscape 2000/10/22 v3.01 Landscape Pages (DPC)
)
Package pdflscape Info: Auto-detected driver: pdftex on input line 81.
)
LaTeX Font Info:    Font shape `OT1/ptm/bx/n' in size <16> not available
(Font)              Font shape `OT1/ptm/b/n' tried instead on input line 27.
LaTeX Font Info:    Font shape `OT1/ptm/bx/n' in size <12> not available
(Font)              Font shape `OT1/ptm/b/n' tried instead on input line 27.
LaTeX Font Info:    External font `cmex10' loaded for size
(Font)              <12> on input line 27.
LaTeX Font Info:    External font `cmex10' loaded for size
(Font)              <8> on input line 27.
LaTeX Font Info:    External font `cmex10' loaded for size
(Font)              <6> on input line 27.

Overfull \hbox (15.77084pt too wide) in paragraph at lines 27--27
 [][] 
 []

LaTeX Font Info:    Try loading font information for OT1+pcr on input line 27.
(/usr/share/texmf-dist/tex/latex/psnfss/ot1pcr.fd
File: ot1pcr.fd 2001/06/04 font definitions for OT1/pcr.
)
LaTeX Font Info:    Try loading font information for OMS+pcr on input line 27.

(/usr/share/texmf-dist/tex/latex/psnfss/omspcr.fd
File: omspcr.fd 
)
LaTeX Font Info:    Font shape `OMS/pcr/m/n' in size <10> not available
(Font)              Font shape `OMS/cmsy/m/n' tried instead on input line 27.
LaTeX Font Info:    Font shape `OT1/ptm/bx/it' in size <12> not available
(Font)              Font shape `OT1/ptm/b/it' tried instead on input line 32.
LaTeX Font Info:    Font shape `OT1/ptm/bx/n' in size <13> not available
(Font)              Font shape `OT1/ptm/b/n' tried instead on input line 38.
 [1

{/var/lib/texmf/fonts/map/pdftex/updmap/pdftex.map}]
LaTeX Font Info:    Try loading font information for OMS+ptm on input line 82.
 (/usr/share/texmf-dist/tex/latex/psnfss/omsptm.fd
File: omsptm.fd 
)
LaTeX Font Info:    Font shape `OMS/ptm/m/n' in size <12> not available
(Font)              Font shape `OMS/cmsy/m/n' tried instead on input line 82.

Underfull \hbox (badness 3884) in paragraph at lines 87--90
[]\OT1/ptm/m/n/12 Durante o es-tudo da li-te-ra-tura, foi poss[]^^Pvel ve-ri-fi
-car al-gu-mas solu[][]oes
 []


Underfull \hbox (badness 10000) in paragraph at lines 87--90
\OT1/ptm/m/n/12 re-la-ci-o-na-das a pro-ble-mas se-me-lhan-tes. O es-tudo de ca
so re-a-li-zado por
 []


Underfull \hbox (badness 1924) in paragraph at lines 87--90
\OT1/ptm/m/n/12 [[]] []e mo-ti-vado por pro-ble-mas se-me-lhan-tes aos dis-
 []

[2]
Underfull \hbox (badness 1194) in paragraph at lines 126--134
\OT1/ptm/m/n/12 Para [[]] o mid-dleware refere-se a uma ca-mada
 []


Underfull \hbox (badness 1412) in paragraph at lines 126--134
\OT1/ptm/m/n/12 autoriza[][]ao, autentica[][]ao, seguran[]a, en-tre ou-tras. O 
mid-dleware im-ple-menta a
 []

[3]
<figura1.png, id=19, 456.95718pt x 135.50626pt>
File: figura1.png Graphic file (type png)
<use figura1.png>
Package pdftex.def Info: figura1.png  used on input line 165.
(pdftex.def)             Requested size: 341.43437pt x 101.25311pt.
LaTeX Font Info:    Try loading font information for OT1+phv on input line 166.

 (/usr/share/texmf-dist/tex/latex/psnfss/ot1phv.fd
File: ot1phv.fd 2001/06/04 scalable font definitions for OT1/phv.
)
LaTeX Font Info:    Font shape `OT1/phv/bx/n' in size <10> not available
(Font)              Font shape `OT1/phv/b/n' tried instead on input line 166.

Underfull \vbox (badness 5924) has occurred while \output is active []

 [4 <./figura1.png (PNG copy)>] [5] [6]
<modelo-comunicacao2.png, id=30, 158.09062pt x 331.2375pt>
File: modelo-comunicacao2.png Graphic file (type png)
<use modelo-comunicacao2.png>
Package pdftex.def Info: modelo-comunicacao2.png  used on input line 280.
(pdftex.def)             Requested size: 128.0387pt x 268.29079pt.
 [7]
Overfull \hbox (21.54872pt too wide) in paragraph at lines 316--325
 [][] 
 []

<ds-green-filter2.png, id=35, 388.45125pt x 332.74312pt>
File: ds-green-filter2.png Graphic file (type png)
<use ds-green-filter2.png>
Package pdftex.def Info: ds-green-filter2.png  used on input line 331.
(pdftex.def)             Requested size: 298.75264pt x 255.91342pt.

Underfull \vbox (badness 10000) has occurred while \output is active []

 [8 <./modelo-comunicacao2.png (PNG copy)>] [9 <./ds-green-filter2.png (PNG cop
y)>]
<jersey-pom.png, id=42, 425.33907pt x 173.89969pt>
File: jersey-pom.png Graphic file (type png)
<use jersey-pom.png>
Package pdftex.def Info: jersey-pom.png  used on input line 358.
(pdftex.def)             Requested size: 384.1096pt x 157.05222pt.

[10]
<web-xml.png, id=46, 536.75531pt x 207.02344pt>
File: web-xml.png Graphic file (type png)
<use web-xml.png>
Package pdftex.def Info: web-xml.png  used on input line 373.
(pdftex.def)             Requested size: 384.1096pt x 148.14697pt.
<codigo-green-service.png, id=47, 603.0028pt x 399.74344pt>
File: codigo-green-service.png Graphic file (type png)
<use codigo-green-service.png>
Package pdftex.def Info: codigo-green-service.png  used on input line 383.
(pdftex.def)             Requested size: 384.1096pt x 254.6333pt.
 [11 <./jersey-pom.png (PNG copy)> <./web-xml.png (PNG copy)>]
<exemplo-json.png, id=51, 284.56313pt x 79.79813pt>
File: exemplo-json.png Graphic file (type png)
<use exemplo-json.png>
Package pdftex.def Info: exemplo-json.png  used on input line 397.
(pdftex.def)             Requested size: 298.75264pt x 83.78561pt.
 [12 <./codigo-green-service.png (PNG copy)>]
<aplicacao-cliente.png, id=55, 584.1825pt x 756.8275pt>
File: aplicacao-cliente.png Graphic file (type png)
<use aplicacao-cliente.png>
Package pdftex.def Info: aplicacao-cliente.png  used on input line 474.
(pdftex.def)             Requested size: 213.39568pt x 276.46494pt.
 [13 <./exemplo-json.png (PNG copy)>]
<cliente-requisicao.png, id=61, 767.86874pt x 568.1225pt>
File: cliente-requisicao.png Graphic file (type png)
<use cliente-requisicao.png>
Package pdftex.def Info: cliente-requisicao.png  used on input line 485.
(pdftex.def)             Requested size: 384.1096pt x 284.19923pt.
<caminho-servicos.png, id=62, 664.4825pt x 53.19875pt>
File: caminho-servicos.png Graphic file (type png)
<use caminho-servicos.png>
Package pdftex.def Info: caminho-servicos.png  used on input line 496.
(pdftex.def)             Requested size: 384.1096pt x 30.7522pt.

Underfull \vbox (badness 5147) has occurred while \output is active []

 [14]
Underfull \vbox (badness 10000) has occurred while \output is active []

 [15 <./aplicacao-cliente.png>] (./sbc-template.bbl [16 <./cliente-requisicao.p
ng> <./caminho-servicos.png>] [17])

pdfTeX warning: /usr/bin/pdflatex (file ./ata.pdf): PDF inclusion: found PDF ve
rsion <1.6>, but at most version <1.5> allowed
<ata.pdf, id=78, 597.23125pt x 845.1575pt>
File: ata.pdf Graphic file (type pdf)
<use ata.pdf>
Package pdftex.def Info: ata.pdf  used on input line 543.
(pdftex.def)             Requested size: 597.22978pt x 845.15544pt.


pdfTeX warning: /usr/bin/pdflatex (file ./ata.pdf): PDF inclusion: found PDF ve
rsion <1.6>, but at most version <1.5> allowed
File: ata.pdf Graphic file (type pdf)
<use ata.pdf>
Package pdftex.def Info: ata.pdf  used on input line 543.
(pdftex.def)             Requested size: 597.22978pt x 845.15544pt.


pdfTeX warning: /usr/bin/pdflatex (file ./ata.pdf): PDF inclusion: found PDF ve
rsion <1.6>, but at most version <1.5> allowed


pdfTeX warning: /usr/bin/pdflatex (file ./ata.pdf): PDF inclusion: found PDF ve
rsion <1.6>, but at most version <1.5> allowed
<ata.pdf, id=81, page=1, 597.23125pt x 845.1575pt>
File: ata.pdf Graphic file (type pdf)
<use ata.pdf, page 1>
Package pdftex.def Info: ata.pdf , page1 used on input line 543.
(pdftex.def)             Requested size: 597.22978pt x 845.15544pt.
File: ata.pdf Graphic file (type pdf)
<use ata.pdf, page 1>
Package pdftex.def Info: ata.pdf , page1 used on input line 543.
(pdftex.def)             Requested size: 597.25711pt x 845.19412pt.
[18]
File: ata.pdf Graphic file (type pdf)
<use ata.pdf, page 1>
Package pdftex.def Info: ata.pdf , page1 used on input line 543.
(pdftex.def)             Requested size: 597.25711pt x 845.19412pt.
File: ata.pdf Graphic file (type pdf)
<use ata.pdf, page 1>
Package pdftex.def Info: ata.pdf , page1 used on input line 543.
(pdftex.def)             Requested size: 597.25711pt x 845.19412pt.
File: ata.pdf Graphic file (type pdf)
<use ata.pdf, page 1>
Package pdftex.def Info: ata.pdf , page1 used on input line 543.
(pdftex.def)             Requested size: 597.25711pt x 845.19412pt.
 [19 <./ata.pdf>] (./sbc-template.aux) ) 
Here is how much of TeX's memory you used:
 4669 strings out of 492639
 65500 string characters out of 6135497
 162889 words of memory out of 5000000
 8437 multiletter control sequences out of 15000+600000
 21548 words of font info for 46 fonts, out of 8000000 for 9000
 1141 hyphenation exceptions out of 8191
 41i,18n,43p,1085b,420s stack positions out of 5000i,500n,10000p,200000b,80000s
{/usr/share/texmf-dist/fonts/enc/dvips/
base/8r.enc}</usr/share/texmf-dist/fonts/type1/public/amsfonts/cm/cmr8.pfb></us
r/share/texmf-dist/fonts/type1/public/amsfonts/cm/cmsy10.pfb></usr/share/texmf-
dist/fonts/type1/urw/courier/ucrr8a.pfb></usr/share/texmf-dist/fonts/type1/urw/
helvetic/uhvb8a.pfb></usr/share/texmf-dist/fonts/type1/urw/times/utmb8a.pfb></u
sr/share/texmf-dist/fonts/type1/urw/times/utmbi8a.pfb></usr/share/texmf-dist/fo
nts/type1/urw/times/utmr8a.pfb></usr/share/texmf-dist/fonts/type1/urw/times/utm
ri8a.pfb>
Output written on sbc-template.pdf (19 pages, 1308091 bytes).
PDF statistics:
 120 PDF objects out of 1000 (max. 8388607)
 72 compressed objects within 1 object stream
 0 named destinations out of 1000 (max. 500000)
 71 words of extra memory for PDF output out of 10000 (max. 10000000)

